生成启动时间为 2017/2/14 18:59:28。
     1>项目“F:\C++example\moveShape\moveShape\moveShape.vcxproj”在节点 2 上(Build 个目标)。
     1>C:\Program Files (x86)\MSBuild\Microsoft.Cpp\v4.0\V120\Microsoft.CppBuild.targets(935,5): warning MSB8027: Two or more files with the name of moc_moveshape.cpp will produce outputs to the same location. This can lead to an incorrect build result.  The files involved are GeneratedFiles\Debug\moc_moveshape.cpp, GeneratedFiles\Release\moc_moveshape.cpp.
     1>ClCompile:
         D:\install software\vs2013\VC\bin\x86_amd64\CL.exe /c /I.\GeneratedFiles /I. /ID:\Qt5.5\5.5\msvc2013_64\include /I.\GeneratedFiles\Debug /ID:\Qt5.5\5.5\msvc2013_64\include\QtCore /ID:\Qt5.5\5.5\msvc2013_64\include\QtGui /ID:\Qt5.5\5.5\msvc2013_64\include\QtWidgets /Zi /nologo /W1 /WX- /Od /D UNICODE /D WIN32 /D WIN64 /D QT_DLL /D QT_CORE_LIB /D QT_GUI_LIB /D QT_WIDGETS_LIB /Gm- /EHsc /MDd /GS /fp:precise /Zc:wchar_t /Zc:forScope /Fo"x64\Debug\\" /Fd"x64\Debug\vc120.pdb" /Gd /TP /errorReport:prompt moveshape.cpp showBall.cpp
         moveshape.cpp
         showBall.cpp
         正在生成代码...
         D:\install software\vs2013\VC\bin\x86_amd64\CL.exe /c /I.\GeneratedFiles /I. /ID:\Qt5.5\5.5\msvc2013_64\include /I.\GeneratedFiles\Debug /ID:\Qt5.5\5.5\msvc2013_64\include\QtCore /ID:\Qt5.5\5.5\msvc2013_64\include\QtGui /ID:\Qt5.5\5.5\msvc2013_64\include\QtWidgets /Zi /nologo /W1 /WX- /Od /D UNICODE /D WIN32 /D WIN64 /D QT_DLL /D QT_CORE_LIB /D QT_GUI_LIB /D QT_WIDGETS_LIB /Gm- /EHsc /MDd /GS /fp:precise /Zc:wchar_t /Zc:forScope /Fo"x64\Debug\\" /Fd"x64\Debug\vc120.pdb" /Gd /TP /errorReport:prompt GeneratedFiles\qrc_moveshape.cpp
         qrc_moveshape.cpp
       Link:
         D:\install software\vs2013\VC\bin\x86_amd64\link.exe /ERRORREPORT:PROMPT /OUT:"F:\C++example\moveShape\x64\Debug\\moveShape.exe" /NOLOGO /LIBPATH:D:\Qt5.5\5.5\msvc2013_64\lib qtmaind.lib Qt5Cored.lib Qt5Guid.lib Qt5Widgetsd.lib kernel32.lib user32.lib gdi32.lib winspool.lib comdlg32.lib advapi32.lib shell32.lib ole32.lib oleaut32.lib uuid.lib odbc32.lib odbccp32.lib /MANIFEST /MANIFESTUAC:"level='asInvoker' uiAccess='false'" /manifest:embed /DEBUG /PDB:"F:\C++example\moveShape\x64\Debug\moveShape.pdb" /SUBSYSTEM:WINDOWS /TLBID:1 /DYNAMICBASE /NXCOMPAT /IMPLIB:"F:\C++example\moveShape\x64\Debug\moveShape.lib" /MACHINE:X64 x64\Debug\ball.obj
         x64\Debug\moc_moveshape.obj
         x64\Debug\qrc_moveshape.obj
         x64\Debug\main.obj
         x64\Debug\moveshape.obj
         x64\Debug\rectangle.obj
         x64\Debug\shape.obj
         x64\Debug\showBall.obj
         x64\Debug\showRectangle.obj
         x64\Debug\showShape.obj
         x64\Debug\showTriangle.obj
         x64\Debug\triangle.obj
         moveShape.vcxproj -> F:\C++example\moveShape\x64\Debug\moveShape.exe
     1>已完成生成项目“F:\C++example\moveShape\moveShape\moveShape.vcxproj”(Build 个目标)的操作。

生成成功。

已用时间 00:00:07.21
